
> racketlogic@0.1.0 dev
> next dev

▲ Next.js 16.2.6 (Turbopack)
- Local:         http://localhost:3000
- Network:       http://192.168.1.13:3000
- Environments: .env.local, .env
✓ Ready in 13.7s
○ Compiling middleware ...

prisma:query BEGIN
prisma:query DEALLOCATE ALL
prisma:query SELECT "public"."ReviewArticle"."id", "public"."ReviewArticle"."title", "public"."ReviewArticle"."slug", "public"."ReviewArticle"."category", "public"."ReviewArticle"."productName", "public"."ReviewArticle"."brand", "public"."ReviewArticle"."excerpt", "public"."ReviewArticle"."content", "public"."ReviewArticle"."affiliateUrl", "public"."ReviewArticle"."affiliateLinks", "public"."ReviewArticle"."colourways", "public"."ReviewArticle"."colourwayFolder", "public"."ReviewArticle"."gallery", "public"."ReviewArticle"."rating", "public"."ReviewArticle"."whoIsItFor", "public"."ReviewArticle"."whoIsItNotFor", "public"."ReviewArticle"."mainBenefit", "public"."ReviewArticle"."mainDownside", "public"."ReviewArticle"."verdict", "public"."ReviewArticle"."published", "public"."ReviewArticle"."featured", "public"."ReviewArticle"."coverImage", "public"."ReviewArticle"."createdAt", "public"."ReviewArticle"."updatedAt" FROM "public"."ReviewArticle" WHERE (("public"."ReviewArticle"."slug" = $1 AND "public"."ReviewArticle"."published" = $2) OR ("public"."ReviewArticle"."slug" = $3 AND "public"."ReviewArticle"."published" = $4)) OFFSET $5
prisma:query COMMIT
 GET /reviews/%22C:/Users/Marjanov/git/racketLogic/public/images/reviews/Shoes/Lacoste%20AG-LT23/lacoste-ag-lt23.jpeg%22 404 in 8.4s (next.js: 3.3s, application-code: 5.1s)
 GET /Documents/racket-logic/Shoes/Lacoste%20AG-LT23/lacoste-ag-lt23-ultra-clay-blue-navy-men-s-tennis-shoes-eur-44-1449738-818x818.webp%22 404 in 7.4s (next.js: 4.2s, application-code: 3.2s)
 GET /images/reviews/lacoste-ag-lt23.jpeg 404 in 5.8s (next.js: 4.6s, application-code: 1160ms)
 GET /reviews/lacoste-ag-lt23-review 200 in 18.8s (next.js: 5.1s, proxy.ts: 77ms, application-code: 13.6s)
 POST /reviews/lacoste-ag-lt23-review 200 in 1693ms (next.js: 836ms, proxy.ts: 607ms, application-code: 251ms)
  └─ ƒ detectKeylessEnvDriftAction() in 10ms node_modules/@clerk/nextjs/dist/esm/app-router/keyless-actions.js
 GET /sign-in?redirect_url=http%3A%2F%2Flocalhost%3A3000%2Fimages%2Freviews%2FShoes%2FLacoste%2520AG-LT23%2FWhiteWhite.avif 200 in 4.6s (next.js: 3.6s, proxy.ts: 332ms, application-code: 654ms)
 GET /sign-in?redirect_url=http%3A%2F%2Flocalhost%3A3000%2Fimages%2Freviews%2FShoes%2FLacoste%2520AG-LT23%2FWhite.avif 200 in 7.3s (next.js: 6.3s, proxy.ts: 267ms, application-code: 657ms)
prisma:query SELECT 1
prisma:query BEGIN
prisma:query DEALLOCATE ALL
prisma:query SELECT "public"."ReviewArticle"."id", "public"."ReviewArticle"."title", "public"."ReviewArticle"."slug", "public"."ReviewArticle"."category", "public"."ReviewArticle"."productName", "public"."ReviewArticle"."brand", "public"."ReviewArticle"."excerpt", "public"."ReviewArticle"."content", "public"."ReviewArticle"."affiliateUrl", "public"."ReviewArticle"."affiliateLinks", "public"."ReviewArticle"."colourways", "public"."ReviewArticle"."colourwayFolder", "public"."ReviewArticle"."gallery", "public"."ReviewArticle"."rating", "public"."ReviewArticle"."whoIsItFor", "public"."ReviewArticle"."whoIsItNotFor", "public"."ReviewArticle"."mainBenefit", "public"."ReviewArticle"."mainDownside", "public"."ReviewArticle"."verdict", "public"."ReviewArticle"."published", "public"."ReviewArticle"."featured", "public"."ReviewArticle"."coverImage", "public"."ReviewArticle"."createdAt", "public"."ReviewArticle"."updatedAt" FROM "public"."ReviewArticle" WHERE (("public"."ReviewArticle"."slug" = $1 AND "public"."ReviewArticle"."published" = $2) OR ("public"."ReviewArticle"."slug" = $3 AND "public"."ReviewArticle"."published" = $4)) OFFSET $5
prisma:query COMMIT
 GET /reviews/lacoste-ag-lt23-review 200 in 695ms (next.js: 107ms, proxy.ts: 27ms, application-code: 561ms)
✓ Compiled in 476ms
prisma:query SELECT 1
prisma:query BEGIN
prisma:query DEALLOCATE ALL
prisma:query SELECT "public"."ReviewArticle"."id", "public"."ReviewArticle"."title", "public"."ReviewArticle"."slug", "public"."ReviewArticle"."category", "public"."ReviewArticle"."productName", "public"."ReviewArticle"."brand", "public"."ReviewArticle"."excerpt", "public"."ReviewArticle"."content", "public"."ReviewArticle"."affiliateUrl", "public"."ReviewArticle"."affiliateLinks", "public"."ReviewArticle"."colourways", "public"."ReviewArticle"."colourwayFolder", "public"."ReviewArticle"."gallery", "public"."ReviewArticle"."rating", "public"."ReviewArticle"."whoIsItFor", "public"."ReviewArticle"."whoIsItNotFor", "public"."ReviewArticle"."mainBenefit", "public"."ReviewArticle"."mainDownside", "public"."ReviewArticle"."verdict", "public"."ReviewArticle"."published", "public"."ReviewArticle"."featured", "public"."ReviewArticle"."coverImage", "public"."ReviewArticle"."createdAt", "public"."ReviewArticle"."updatedAt" FROM "public"."ReviewArticle" WHERE (("public"."ReviewArticle"."slug" = $1 AND "public"."ReviewArticle"."published" = $2) OR ("public"."ReviewArticle"."slug" = $3 AND "public"."ReviewArticle"."published" = $4)) OFFSET $5
prisma:query COMMIT
 GET /reviews/lacoste-ag-lt23-review 200 in 6.1s (next.js: 1520ms, proxy.ts: 859ms, application-code: 3.7s)
✓ Compiled in 1896ms
prisma:query SELECT 1
prisma:query BEGIN
prisma:query DEALLOCATE ALL
prisma:query SELECT "public"."ReviewArticle"."id", "public"."ReviewArticle"."title", "public"."ReviewArticle"."slug", "public"."ReviewArticle"."category", "public"."ReviewArticle"."productName", "public"."ReviewArticle"."brand", "public"."ReviewArticle"."excerpt", "public"."ReviewArticle"."content", "public"."ReviewArticle"."affiliateUrl", "public"."ReviewArticle"."affiliateLinks", "public"."ReviewArticle"."colourways", "public"."ReviewArticle"."colourwayFolder", "public"."ReviewArticle"."gallery", "public"."ReviewArticle"."rating", "public"."ReviewArticle"."whoIsItFor", "public"."ReviewArticle"."whoIsItNotFor", "public"."ReviewArticle"."mainBenefit", "public"."ReviewArticle"."mainDownside", "public"."ReviewArticle"."verdict", "public"."ReviewArticle"."published", "public"."ReviewArticle"."featured", "public"."ReviewArticle"."coverImage", "public"."ReviewArticle"."createdAt", "public"."ReviewArticle"."updatedAt" FROM "public"."ReviewArticle" WHERE (("public"."ReviewArticle"."slug" = $1 AND "public"."ReviewArticle"."published" = $2) OR ("public"."ReviewArticle"."slug" = $3 AND "public"."ReviewArticle"."published" = $4)) OFFSET $5
prisma:query COMMIT
prisma:query BEGIN
prisma:query DEALLOCATE ALL
prisma:query SELECT "public"."ReviewArticle"."id", "public"."ReviewArticle"."title", "public"."ReviewArticle"."slug", "public"."ReviewArticle"."category", "public"."ReviewArticle"."productName", "public"."ReviewArticle"."brand", "public"."ReviewArticle"."excerpt", "public"."ReviewArticle"."content", "public"."ReviewArticle"."affiliateUrl", "public"."ReviewArticle"."affiliateLinks", "public"."ReviewArticle"."colourways", "public"."ReviewArticle"."colourwayFolder", "public"."ReviewArticle"."gallery", "public"."ReviewArticle"."rating", "public"."ReviewArticle"."whoIsItFor", "public"."ReviewArticle"."whoIsItNotFor", "public"."ReviewArticle"."mainBenefit", "public"."ReviewArticle"."mainDownside", "public"."ReviewArticle"."verdict", "public"."ReviewArticle"."published", "public"."ReviewArticle"."featured", "public"."ReviewArticle"."coverImage", "public"."ReviewArticle"."createdAt", "public"."ReviewArticle"."updatedAt" FROM "public"."ReviewArticle" WHERE (("public"."ReviewArticle"."slug" = $1 AND "public"."ReviewArticle"."published" = $2) OR ("public"."ReviewArticle"."slug" = $3 AND "public"."ReviewArticle"."published" = $4)) OFFSET $5
prisma:query COMMIT
 GET /reviews/lacoste-ag-lt23-review 200 in 8.7s (next.js: 1495ms, proxy.ts: 844ms, application-code: 6.4s)
 GET /reviews/lacoste-ag-lt23-review 200 in 5.2s (next.js: 643ms, proxy.ts: 869ms, application-code: 3.7s)
✓ Compiled in 1774ms
prisma:query SELECT 1
prisma:query BEGIN
prisma:query DEALLOCATE ALL
prisma:query SELECT "public"."ReviewArticle"."id", "public"."ReviewArticle"."title", "public"."ReviewArticle"."slug", "public"."ReviewArticle"."category", "public"."ReviewArticle"."productName", "public"."ReviewArticle"."brand", "public"."ReviewArticle"."excerpt", "public"."ReviewArticle"."content", "public"."ReviewArticle"."affiliateUrl", "public"."ReviewArticle"."affiliateLinks", "public"."ReviewArticle"."colourways", "public"."ReviewArticle"."colourwayFolder", "public"."ReviewArticle"."gallery", "public"."ReviewArticle"."rating", "public"."ReviewArticle"."whoIsItFor", "public"."ReviewArticle"."whoIsItNotFor", "public"."ReviewArticle"."mainBenefit", "public"."ReviewArticle"."mainDownside", "public"."ReviewArticle"."verdict", "public"."ReviewArticle"."published", "public"."ReviewArticle"."featured", "public"."ReviewArticle"."coverImage", "public"."ReviewArticle"."createdAt", "public"."ReviewArticle"."updatedAt" FROM "public"."ReviewArticle" WHERE (("public"."ReviewArticle"."slug" = $1 AND "public"."ReviewArticle"."published" = $2) OR ("public"."ReviewArticle"."slug" = $3 AND "public"."ReviewArticle"."published" = $4)) OFFSET $5
prisma:query COMMIT
prisma:query BEGIN
prisma:query DEALLOCATE ALL
prisma:query SELECT "public"."ReviewArticle"."id", "public"."ReviewArticle"."title", "public"."ReviewArticle"."slug", "public"."ReviewArticle"."category", "public"."ReviewArticle"."productName", "public"."ReviewArticle"."brand", "public"."ReviewArticle"."excerpt", "public"."ReviewArticle"."content", "public"."ReviewArticle"."affiliateUrl", "public"."ReviewArticle"."affiliateLinks", "public"."ReviewArticle"."colourways", "public"."ReviewArticle"."colourwayFolder", "public"."ReviewArticle"."gallery", "public"."ReviewArticle"."rating", "public"."ReviewArticle"."whoIsItFor", "public"."ReviewArticle"."whoIsItNotFor", "public"."ReviewArticle"."mainBenefit", "public"."ReviewArticle"."mainDownside", "public"."ReviewArticle"."verdict", "public"."ReviewArticle"."published", "public"."ReviewArticle"."featured", "public"."ReviewArticle"."coverImage", "public"."ReviewArticle"."createdAt", "public"."ReviewArticle"."updatedAt" FROM "public"."ReviewArticle" WHERE (("public"."ReviewArticle"."slug" = $1 AND "public"."ReviewArticle"."published" = $2) OR ("public"."ReviewArticle"."slug" = $3 AND "public"."ReviewArticle"."published" = $4)) OFFSET $5
prisma:query COMMIT
 GET /reviews/lacoste-ag-lt23-review 200 in 5.0s (next.js: 1477ms, proxy.ts: 764ms, application-code: 2.8s)
 GET /reviews/lacoste-ag-lt23-review 200 in 1661ms (next.js: 766ms, proxy.ts: 41ms, application-code: 854ms)
 GET /images/reviews/lacoste-ag-lt23.jpeg 404 in 999ms (next.js: 187ms, application-code: 812ms)
prisma:query SELECT 1
prisma:query BEGIN
prisma:query DEALLOCATE ALL
prisma:query SELECT "public"."ReviewArticle"."id", "public"."ReviewArticle"."title", "public"."ReviewArticle"."slug", "public"."ReviewArticle"."category", "public"."ReviewArticle"."productName", "public"."ReviewArticle"."brand", "public"."ReviewArticle"."excerpt", "public"."ReviewArticle"."content", "public"."ReviewArticle"."affiliateUrl", "public"."ReviewArticle"."affiliateLinks", "public"."ReviewArticle"."colourways", "public"."ReviewArticle"."colourwayFolder", "public"."ReviewArticle"."gallery", "public"."ReviewArticle"."rating", "public"."ReviewArticle"."whoIsItFor", "public"."ReviewArticle"."whoIsItNotFor", "public"."ReviewArticle"."mainBenefit", "public"."ReviewArticle"."mainDownside", "public"."ReviewArticle"."verdict", "public"."ReviewArticle"."published", "public"."ReviewArticle"."featured", "public"."ReviewArticle"."coverImage", "public"."ReviewArticle"."createdAt", "public"."ReviewArticle"."updatedAt" FROM "public"."ReviewArticle" WHERE (("public"."ReviewArticle"."slug" = $1 AND "public"."ReviewArticle"."published" = $2) OR ("public"."ReviewArticle"."slug" = $3 AND "public"."ReviewArticle"."published" = $4)) OFFSET $5
prisma:query COMMIT
 GET /reviews/lacoste-ag-lt23-review 200 in 3.2s (next.js: 298ms, proxy.ts: 178ms, application-code: 2.7s)
 GET /reviews/%22C:/Users/Marjanov/git/racketLogic/public/images/reviews/Shoes/Lacoste%20AG-LT23/lacoste-ag-lt23.jpeg%22 404 in 1925ms (next.js: 584ms, application-code: 1341ms)
 GET /images/reviews/lacoste-ag-lt23.jpeg 404 in 1815ms (next.js: 1091ms, application-code: 724ms)
 POST /reviews/lacoste-ag-lt23-review 200 in 2.2s (next.js: 1014ms, proxy.ts: 121ms, application-code: 1092ms)
  └─ ƒ detectKeylessEnvDriftAction() in 18ms node_modules/@clerk/nextjs/dist/esm/app-router/keyless-actions.js
✓ Compiled in 7.7s
prisma:query SELECT 1
prisma:query BEGIN
prisma:query DEALLOCATE ALL
prisma:query SELECT "public"."ReviewArticle"."id", "public"."ReviewArticle"."title", "public"."ReviewArticle"."slug", "public"."ReviewArticle"."category", "public"."ReviewArticle"."productName", "public"."ReviewArticle"."brand", "public"."ReviewArticle"."excerpt", "public"."ReviewArticle"."content", "public"."ReviewArticle"."affiliateUrl", "public"."ReviewArticle"."affiliateLinks", "public"."ReviewArticle"."colourways", "public"."ReviewArticle"."colourwayFolder", "public"."ReviewArticle"."gallery", "public"."ReviewArticle"."rating", "public"."ReviewArticle"."whoIsItFor", "public"."ReviewArticle"."whoIsItNotFor", "public"."ReviewArticle"."mainBenefit", "public"."ReviewArticle"."mainDownside", "public"."ReviewArticle"."verdict", "public"."ReviewArticle"."published", "public"."ReviewArticle"."featured", "public"."ReviewArticle"."coverImage", "public"."ReviewArticle"."createdAt", "public"."ReviewArticle"."updatedAt" FROM "public"."ReviewArticle" WHERE (("public"."ReviewArticle"."slug" = $1 AND "public"."ReviewArticle"."published" = $2) OR ("public"."ReviewArticle"."slug" = $3 AND "public"."ReviewArticle"."published" = $4)) OFFSET $5
prisma:query COMMIT
prisma:query BEGIN
prisma:query DEALLOCATE ALL
prisma:query SELECT "public"."ReviewArticle"."id", "public"."ReviewArticle"."title", "public"."ReviewArticle"."slug", "public"."ReviewArticle"."category", "public"."ReviewArticle"."productName", "public"."ReviewArticle"."brand", "public"."ReviewArticle"."excerpt", "public"."ReviewArticle"."content", "public"."ReviewArticle"."affiliateUrl", "public"."ReviewArticle"."affiliateLinks", "public"."ReviewArticle"."colourways", "public"."ReviewArticle"."colourwayFolder", "public"."ReviewArticle"."gallery", "public"."ReviewArticle"."rating", "public"."ReviewArticle"."whoIsItFor", "public"."ReviewArticle"."whoIsItNotFor", "public"."ReviewArticle"."mainBenefit", "public"."ReviewArticle"."mainDownside", "public"."ReviewArticle"."verdict", "public"."ReviewArticle"."published", "public"."ReviewArticle"."featured", "public"."ReviewArticle"."coverImage", "public"."ReviewArticle"."createdAt", "public"."ReviewArticle"."updatedAt" FROM "public"."ReviewArticle" WHERE (("public"."ReviewArticle"."slug" = $1 AND "public"."ReviewArticle"."published" = $2) OR ("public"."ReviewArticle"."slug" = $3 AND "public"."ReviewArticle"."published" = $4)) OFFSET $5
prisma:query COMMIT
 GET /reviews/lacoste-ag-lt23-review 200 in 19.6s (next.js: 8.3s, proxy.ts: 1066ms, application-code: 10.2s)
 GET /reviews/lacoste-ag-lt23-review 200 in 6.9s (next.js: 352ms, proxy.ts: 1310ms, application-code: 5.2s)
prisma:query BEGIN
prisma:query DEALLOCATE ALL
prisma:query SELECT "public"."ReviewArticle"."id", "public"."ReviewArticle"."title", "public"."ReviewArticle"."slug", "public"."ReviewArticle"."category", "public"."ReviewArticle"."productName", "public"."ReviewArticle"."brand", "public"."ReviewArticle"."excerpt", "public"."ReviewArticle"."content", "public"."ReviewArticle"."affiliateUrl", "public"."ReviewArticle"."affiliateLinks", "public"."ReviewArticle"."colourways", "public"."ReviewArticle"."colourwayFolder", "public"."ReviewArticle"."gallery", "public"."ReviewArticle"."rating", "public"."ReviewArticle"."whoIsItFor", "public"."ReviewArticle"."whoIsItNotFor", "public"."ReviewArticle"."mainBenefit", "public"."ReviewArticle"."mainDownside", "public"."ReviewArticle"."verdict", "public"."ReviewArticle"."published", "public"."ReviewArticle"."featured", "public"."ReviewArticle"."coverImage", "public"."ReviewArticle"."createdAt", "public"."ReviewArticle"."updatedAt" FROM "public"."ReviewArticle" WHERE (("public"."ReviewArticle"."slug" = $1 AND "public"."ReviewArticle"."published" = $2) OR ("public"."ReviewArticle"."slug" = $3 AND "public"."ReviewArticle"."published" = $4)) OFFSET $5
prisma:query COMMIT
 GET /reviews/%22C:/Users/Marjanov/git/racketLogic/public/images/reviews/Shoes/Lacoste%20AG-LT23/lacoste-ag-lt23.jpeg%22 404 in 723ms (next.js: 316ms, application-code: 407ms)
 GET /reviews/lacoste-ag-lt23-review 200 in 6.2s (next.js: 150ms, proxy.ts: 109ms, application-code: 5.9s)
 POST /reviews/lacoste-ag-lt23-review 200 in 745ms (next.js: 497ms, proxy.ts: 229ms, application-code: 19ms)
  └─ ƒ detectKeylessEnvDriftAction() in 1ms node_modules/@clerk/nextjs/dist/esm/app-router/keyless-actions.js
